img0
mnist_relu_6_50.txt for epsilon = 0.1
Academic license - for non-commercial use only
analysis time:  0.10248422622680664  seconds
interval: not verified
verif time:  First interval 0.47790980339050293
verif Improve2 k:  0
verif Improve2 k:  1
verif Improve2 k:  2
verif Improve2 k:  3
verif Improve2 k:  4
verif time:  Improve2 2.615334987640381
verif Improve3 k:  0
verif Improve3 k:  1
verif Improve3 k:  2
verif Improve3 k:  3
verif time:  Improve3 4.574464559555054
analysis time:  0.10886025428771973  seconds
Still not verified by interval
verif time:  New Interval 0.11262941360473633
Trying k = 5...
verification: k = 5, r = -66.67937177593564
Trying k = 4...
verification: k = 4, r = -66.38461956903083
Trying k = 2...
verification: k = 2, r = -63.74595659377704
Trying k = 0...
verification: k = 0, r = -63.45688365007603
verif time:  Doubling 2.0778615474700928
verif Improve2 k:  0
verif Improve2 k:  1
verif Improve2 k:  2
verif Improve2 k:  3
verif Improve2 k:  4
verif time:  Improve2 2.5487544536590576
verif Improve3 k:  0
verif Improve3 k:  1
verif Improve3 k:  2
verif Improve3 k:  3
verif time:  Improve3 4.498558521270752
analysis time:  0.10851573944091797  seconds
Still not verified by interval
verif time:  New Interval 0.1118917465209961
Trying k = 5...
verification: k = 5, r = -64.06902213765414
Trying k = 4...
verification: k = 4, r = -64.06902213765414
Trying k = 2...
verification: k = 2, r = -62.26393733491898
Trying k = 0...
verification: k = 0, r = -61.97433281474094
verif time:  Doubling 2.0616254806518555
verif Improve2 k:  0
verif Improve2 k:  1
verif Improve2 k:  2
verif Improve2 k:  3
verif Improve2 k:  4
verif time:  Improve2 2.559544801712036
verif Improve3 k:  0
verif Improve3 k:  1
verif Improve3 k:  2
verif Improve3 k:  3
verif time:  Improve3 4.516828536987305
analysis time:  0.10730934143066406  seconds
Still not verified by interval
verif time:  New Interval 0.11071586608886719
Trying k = 5...
verification: k = 5, r = -64.06902213765416
Trying k = 4...
verification: k = 4, r = -64.06902213765416
Trying k = 2...
verification: k = 2, r = -62.263937334918985
Trying k = 0...
verification: k = 0, r = -61.97433281474095
verif time:  Doubling 2.073697566986084
verif time:  Total 28.3404061794281
can not be verified
Freed default Gurobi environment

mnist_relu_6_100.txt for epsilon = 0.01
Academic license - for non-commercial use only
analysis time:  0.2438356876373291  seconds
interval: not verified
verif time:  First interval 1.0984773635864258
verif Improve2 k:  0
verif Improve2 k:  1
verif Improve2 k:  2
verif Improve2 k:  3
verif Improve2 k:  4
verif time:  Improve2 9.103179931640625
verif Improve3 k:  0
verif Improve3 k:  1
verif Improve3 k:  2
verif Improve3 k:  3
verif time:  Improve3 9.066290855407715
analysis time:  0.25766777992248535  seconds
Now verified by interval!
verif time:  New Interval 0.26202917098999023
Trying k = 5...
verification: k = 5, r = 6.200419294596148
verif time:  Doubling 0.024022340774536133
verified
verif time:  Total 19.55494475364685
Freed default Gurobi environment

mnist_relu_6_200.txt for epsilon = 0.005
Academic license - for non-commercial use only
analysis time:  0.6383006572723389  seconds
interval: not verified
verif time:  First interval 2.90104603767395
verif time:  improveFT 0-2, 1-3 13.763458728790283
analysis time:  0.6708595752716064  seconds
Still not verified by interval
verif time:  New Interval 0.6759898662567139
Trying k = 5...
verification: k = 5, r = -89.9499881470081
Trying k = 4...
verification: k = 4, r = -68.19525079652463
Trying k = 2...
verification: k = 2, r = -62.70325649252293
Trying k = 0...
verification: k = 0, r = -61.89776312763866
verif time:  Doubling 14.746050357818604
verif time:  improveFT k2 3.909559726715088
analysis time:  0.6729543209075928  seconds
Still not verified by interval
verif time:  New Interval 0.6778650283813477
Trying k = 5...
verification: k = 5, r = -15.61620733256201
Trying k = 4...
verification: k = 4, r = -5.562364445549403
Trying k = 2...
verification: k = 2, r = -2.747812262675817
Trying k = 0...
verification: k = 0, r = -1.656999409435942
verif time:  Doubling 14.22039246559143
verif time:  improveFT k3 7.380695104598999
analysis time:  0.6667118072509766  seconds
Still not verified by interval
verif time:  New Interval 0.6714885234832764
Trying k = 5...
verification: k = 5, r = -0.6026059167463744
Trying k = 4...
verification: k = 4, r = 2.6247498873407906
verif time:  Doubling 1.084207534790039
verified
verif time:  Total 60.03258299827576
Freed default Gurobi environment

mnist_relu_6_200.txt for epsilon = 0.01
Academic license - for non-commercial use only
analysis time:  0.628387451171875  seconds
interval: not verified
verif time:  First interval 2.853548765182495
verif time:  improveFT 0-2, 1-3 16.31010937690735
analysis time:  0.6559784412384033  seconds
Still not verified by interval
verif time:  New Interval 0.6612462997436523
verification: k = n-1, r = -270.71676976009496
verif time:  Total 19.87672233581543
can not be verified
Freed default Gurobi environment

mnist_relu_4_1024.txt for epsilon = 0.005
Academic license - for non-commercial use only
analysis time:  5.69779896736145  seconds
interval: not verified
verif time:  First interval 24.614194869995117
Timeout
Freed default Gurobi environment

mnist_relu_4_1024.txt for epsilon = 0.01
Academic license - for non-commercial use only
analysis time:  5.784493446350098  seconds
interval: not verified
verif time:  First interval 24.979872703552246
Trying k = 3...
verification: k = 3, r = -1169.6453329804556
Trying k = 2...
verification: k = 2, r = -894.6438450672575
Trying k = 0...
Timeout
Freed default Gurobi environment

mnist_relu_9_200.txt for epsilon = 0.005
Academic license - for non-commercial use only
analysis time:  0.9000859260559082  seconds
interval: not verified
verif time:  First interval 3.986537456512451
verif time:  improveFT 0-2, 1-3 14.119224071502686
analysis time:  0.9359560012817383  seconds
Still not verified by interval
verif time:  New Interval 0.9423353672027588
Trying k = 8...
verification: k = 8, r = -10112.581375477486
Trying k = 7...
verification: k = 7, r = -7594.266030428073
Trying k = 5...
verification: k = 5, r = -7512.432695156071
Trying k = 1...
verification: k = 1, r = -7512.177538527741
Trying k = 0...
verification: k = 0, r = -7512.15232973026
verif time:  Doubling 44.71847605705261
verif time:  improveFT k2 3.3143703937530518
analysis time:  0.922459602355957  seconds
Still not verified by interval
verif time:  New Interval 0.9283027648925781
Trying k = 8...
verification: k = 8, r = -1851.8392711826787
Trying k = 7...
verification: k = 7, r = -1390.3281376108653
Trying k = 5...
verification: k = 5, r = -1374.130415109295
Trying k = 1...
verification: k = 1, r = -1372.316929407366
Trying k = 0...
verification: k = 0, r = -1372.08688432163
verif time:  Doubling 34.65519380569458
verif time:  improveFT k3 4.474115371704102
analysis time:  0.9330928325653076  seconds
Still not verified by interval
verif time:  New Interval 0.9388973712921143
Trying k = 8...
verification: k = 8, r = -723.8702866870908
Trying k = 7...
verification: k = 7, r = -544.2292088684055
Trying k = 5...
verification: k = 5, r = -534.5929936740788
Trying k = 1...
verification: k = 1, r = -532.9202666326836
Trying k = 0...
verification: k = 0, r = -532.6257886007221
verif time:  Doubling 30.90081548690796
verif time:  improveFT k4 4.12131404876709
analysis time:  0.9207274913787842  seconds
Still not verified by interval
verif time:  New Interval 0.9267716407775879
Trying k = 8...
verification: k = 8, r = -209.0923665488075
Trying k = 7...
verification: k = 7, r = -157.7367882442043
Trying k = 5...
verification: k = 5, r = -151.525907543306
Trying k = 1...
verification: k = 1, r = -149.8182759504275
Trying k = 0...
verification: k = 0, r = -149.56487516798984
verif time:  Doubling 29.38951301574707
verif time:  improveFT k5 6.809955596923828
analysis time:  0.920494794845581  seconds
Still not verified by interval
verif time:  New Interval 0.9264426231384277
Trying k = 8...
verification: k = 8, r = -72.72973096943404
Trying k = 7...
verification: k = 7, r = -54.754954396817624
Trying k = 5...
verification: k = 5, r = -51.54999244572367
Trying k = 1...
verification: k = 1, r = -50.12039513715598
Trying k = 0...
verification: k = 0, r = -49.902826267988104
verif time:  Doubling 28.62197256088257
verif time:  improveFT k6 8.672842264175415
analysis time:  0.9298503398895264  seconds
Still not verified by interval
verif time:  New Interval 0.9357395172119141
Trying k = 8...
verification: k = 8, r = -20.6807315397185
Trying k = 7...
verification: k = 7, r = -17.09096521168183
Trying k = 5...
verification: k = 5, r = -13.132740473240672
Trying k = 1...
verification: k = 1, r = -10.857949184396274
Trying k = 0...
verification: k = 0, r = -10.490135201026032
verif time:  Doubling 27.21481418609619
verif time:  improveFT k7 1.168426275253296
analysis time:  0.913179874420166  seconds
Still not verified by interval
verif time:  New Interval 0.9191102981567383
Trying k = 8...
verification: k = 8, r = -18.068240623944053
Trying k = 7...
verification: k = 7, r = -14.367810092443728
Trying k = 5...
verification: k = 5, r = -10.277447307869679
Trying k = 1...
verification: k = 1, r = -7.981236580443895
Trying k = 0...
verification: k = 0, r = -7.617208482228152
verif time:  Doubling 27.178511142730713
verif time:  improveFT k7 1.2074449062347412
analysis time:  0.9249961376190186  seconds
Still not verified by interval
verif time:  New Interval 0.9309890270233154
Trying k = 8...
verification: k = 8, r = -18.068240623944053
Trying k = 7...
verification: k = 7, r = -14.367810092443728
Trying k = 5...
verification: k = 5, r = -10.277447307869679
Trying k = 1...
verification: k = 1, r = -7.981236580443895
Trying k = 0...
verification: k = 0, r = -7.617208482228152
verif time:  Doubling 27.3159122467041
verif time:  Total 305.32127141952515
can not be verified
Freed default Gurobi environment

mnist_relu_9_200.txt for epsilon = 0.01
Academic license - for non-commercial use only
analysis time:  0.8884186744689941  seconds
interval: not verified
verif time:  First interval 4.14346170425415
verif time:  improveFT 0-2, 1-3 14.865129947662354
analysis time:  0.9104516506195068  seconds
Still not verified by interval
verif time:  New Interval 0.9166727066040039
verification: k = n-1, r = -38915.15955699714
verif time:  Total 19.976765632629395
can not be verified
Freed default Gurobi environment
